Started GET "/sessions/new" for ::1 at 2020-09-25 23:44:43 +0900
  [1m[35m (1.7ms)[0m  [1m[34mSELECT sqlite_version(*)[0m
  
ActionController::RoutingError (No route matches [GET] "/sessions/new"):
  
actionpack (6.0.3.3) lib/action_dispatch/middleware/debug_exceptions.rb:36:in `call'
web-console (4.0.4) lib/web_console/middleware.rb:132:in `call_app'
web-console (4.0.4) lib/web_console/middleware.rb:28:in `block in call'
web-console (4.0.4) lib/web_console/middleware.rb:17:in `catch'
web-console (4.0.4) lib/web_console/middleware.rb:17:in `call'
actionpack (6.0.3.3) lib/action_dispatch/middleware/show_exceptions.rb:33:in `call'
railties (6.0.3.3) lib/rails/rack/logger.rb:37:in `call_app'
railties (6.0.3.3) lib/rails/rack/logger.rb:26:in `block in call'
activesupport (6.0.3.3) lib/active_support/tagged_logging.rb:80:in `block in tagged'
activesupport (6.0.3.3) lib/active_support/tagged_logging.rb:28:in `tagged'
activesupport (6.0.3.3) lib/active_support/tagged_logging.rb:80:in `tagged'
railties (6.0.3.3) lib/rails/rack/logger.rb:26:in `call'
sprockets-rails (3.2.2) lib/sprockets/rails/quiet_assets.rb:13:in `call'
actionpack (6.0.3.3) lib/action_dispatch/middleware/remote_ip.rb:81:in `call'
actionpack (6.0.3.3) lib/action_dispatch/middleware/request_id.rb:27:in `call'
rack (2.2.3) lib/rack/method_override.rb:24:in `call'
rack (2.2.3) lib/rack/runtime.rb:22:in `call'
activesupport (6.0.3.3) lib/active_support/cache/strategy/local_cache_middleware.rb:29:in `call'
actionpack (6.0.3.3) lib/action_dispatch/middleware/executor.rb:14:in `call'
actionpack (6.0.3.3) lib/action_dispatch/middleware/static.rb:126:in `call'
rack (2.2.3) lib/rack/sendfile.rb:110:in `call'
actionpack (6.0.3.3) lib/action_dispatch/middleware/host_authorization.rb:82:in `call'
webpacker (4.3.0) lib/webpacker/dev_server_proxy.rb:23:in `perform_request'
rack-proxy (0.6.5) lib/rack/proxy.rb:57:in `call'
railties (6.0.3.3) lib/rails/engine.rb:527:in `call'
puma (4.3.6) lib/puma/configuration.rb:228:in `call'
puma (4.3.6) lib/puma/server.rb:713:in `handle_request'
puma (4.3.6) lib/puma/server.rb:472:in `process_client'
puma (4.3.6) lib/puma/server.rb:328:in `block in run'
puma (4.3.6) lib/puma/thread_pool.rb:134:in `block in spawn_thread'
Started GET "/" for ::1 at 2020-09-25 23:44:48 +0900
Processing by Rails::WelcomeController#index as HTML
  Rendering /Users/hiratayuuya/.rbenv/versions/2.6.5/lib/ruby/gems/2.6.0/gems/railties-6.0.3.3/lib/rails/templates/rails/welcome/index.html.erb
  Rendered /Users/hiratayuuya/.rbenv/versions/2.6.5/lib/ruby/gems/2.6.0/gems/railties-6.0.3.3/lib/rails/templates/rails/welcome/index.html.erb (Duration: 5.4ms | Allocations: 190)
Completed 200 OK in 7ms (Views: 5.9ms | ActiveRecord: 0.0ms | Allocations: 1058)


Started GET "/" for ::1 at 2020-09-25 23:51:57 +0900
  [1m[35m (0.1ms)[0m  [1m[34mSELECT sqlite_version(*)[0m
Processing by ArticlesController#index as HTML
  Rendering articles/index.html.erb within layouts/application
  Rendered articles/index.html.erb within layouts/application (Duration: 0.4ms | Allocations: 83)
[Webpacker] Compiling...
[Webpacker] Compiled all packs in /Users/hiratayuuya/projects/blog/public/packs
[Webpacker] Hash: 15d1bb7b54cf6326b9ba
Version: webpack 4.44.2
Time: 1110ms
Built at: 2020/09/25 23:51:59
                                     Asset       Size       Chunks                         Chunk Names
    js/application-9afcbb5693aa87623e69.js    124 KiB  application  [emitted] [immutable]  application
js/application-9afcbb5693aa87623e69.js.map    139 KiB  application  [emitted] [dev]        application
                             manifest.json  364 bytes               [emitted]              
Entrypoint application = js/application-9afcbb5693aa87623e69.js js/application-9afcbb5693aa87623e69.js.map
[./app/javascript/channels sync recursive _channel\.js$] ./app/javascript/channels sync _channel\.js$ 160 bytes {application} [built]
[./app/javascript/channels/index.js] 211 bytes {application} [built]
[./app/javascript/packs/application.js] 749 bytes {application} [built]
[./node_modules/webpack/buildin/module.js] (webpack)/buildin/module.js 552 bytes {application} [built]
    + 3 hidden modules

Completed 200 OK in 2743ms (Views: 2742.0ms | ActiveRecord: 0.0ms | Allocations: 18338)


  [1m[35m (0.3ms)[0m  [1m[34mSELECT sqlite_version(*)[0m
  [1m[35m (1.1ms)[0m  [1m[35mCREATE TABLE "schema_migrations" ("version" varchar NOT NULL PRIMARY KEY)[0m
  [1m[35m (0.8ms)[0m  [1m[35mCREATE TABLE "ar_internal_metadata" ("key" varchar NOT NULL PRIMARY KEY, "value" varchar, "created_at" datetime(6) NOT NULL, "updated_at" datetime(6) NOT NULL)[0m
  [1m[35m (0.1ms)[0m  [1m[34mSELECT "schema_migrations"."version" FROM "schema_migrations" ORDER BY "schema_migrations"."version" ASC[0m
Migrating to CreateArticles (20200925145604)
  [1m[35m (0.0ms)[0m  [1m[36mbegin transaction[0m
  [1m[35m (0.3ms)[0m  [1m[35mCREATE TABLE "articles" ("id" integer PRIMARY KEY AUTOINCREMENT NOT NULL, "title" varchar, "body" text, "created_at" datetime(6) NOT NULL, "updated_at" datetime(6) NOT NULL)[0m
  [1m[36mprimary::SchemaMigration Create (0.1ms)[0m  [1m[32mINSERT INTO "schema_migrations" ("version") VALUES (?)[0m  [["version", "20200925145604"]]
  [1m[35m (0.6ms)[0m  [1m[36mcommit transaction[0m
  [1m[36mActiveRecord::InternalMetadata Load (0.1ms)[0m  [1m[34mSELECT "ar_internal_metadata".* FROM "ar_internal_metadata" WHERE "ar_internal_metadata"."key" = ? LIMIT ?[0m  [["key", "environment"], ["LIMIT", 1]]
  [1m[35m (0.0ms)[0m  [1m[36mbegin transaction[0m
  [1m[36mActiveRecord::InternalMetadata Create (0.3ms)[0m  [1m[32mINSERT INTO "ar_internal_metadata" ("key", "value", "created_at", "updated_at") VALUES (?, ?, ?, ?)[0m  [["key", "environment"], ["value", "development"], ["created_at", "2020-09-25 14:57:52.368517"], ["updated_at", "2020-09-25 14:57:52.368517"]]
  [1m[35m (0.6ms)[0m  [1m[36mcommit transaction[0m
  [1m[35m (0.0ms)[0m  [1m[34mSELECT sqlite_version(*)[0m
  [1m[35m (0.1ms)[0m  [1m[34mSELECT "schema_migrations"."version" FROM "schema_migrations" ORDER BY "schema_migrations"."version" ASC[0m
Started GET "/" for ::1 at 2020-09-27 16:22:39 +0900
  [1m[35m (0.7ms)[0m  [1m[34mSELECT sqlite_version(*)[0m
  [1m[35m (0.7ms)[0m  [1m[34mSELECT "schema_migrations"."version" FROM "schema_migrations" ORDER BY "schema_migrations"."version" ASC[0m
  
SyntaxError (/Users/hiratayuuya/Documents/GitHub/blog/app/controllers/articles_controller.rb:50: syntax error, unexpected end-of-input, expecting end):
  
app/controllers/articles_controller.rb:50: syntax error, unexpected end-of-input, expecting end
app/controllers/articles_controller.rb:50: syntax error, unexpected end-of-input, expecting end
app/controllers/articles_controller.rb:50: syntax error, unexpected end-of-input, expecting end
Started GET "/" for ::1 at 2020-09-27 16:26:47 +0900
  [1m[35m (0.1ms)[0m  [1m[34mSELECT sqlite_version(*)[0m
Processing by ArticlesController#index as HTML
  Rendering articles/index.html.erb within layouts/application
  Rendered articles/index.html.erb within layouts/application (Duration: 0.6ms | Allocations: 92)
[Webpacker] Compiling...
Started GET "/" for ::1 at 2020-09-27 16:26:50 +0900
[Webpacker] Compiled all packs in /Users/hiratayuuya/Documents/GitHub/blog/public/packs
[Webpacker] Hash: 15d1bb7b54cf6326b9ba
Version: webpack 4.44.2
Time: 1444ms
Built at: 2020/09/27 16:26:50
                                     Asset       Size       Chunks                         Chunk Names
    js/application-9afcbb5693aa87623e69.js    124 KiB  application  [emitted] [immutable]  application
js/application-9afcbb5693aa87623e69.js.map    139 KiB  application  [emitted] [dev]        application
                             manifest.json  364 bytes               [emitted]              
Entrypoint application = js/application-9afcbb5693aa87623e69.js js/application-9afcbb5693aa87623e69.js.map
[./app/javascript/channels sync recursive _channel\.js$] ./app/javascript/channels sync _channel\.js$ 160 bytes {application} [built]
[./app/javascript/channels/index.js] 211 bytes {application} [built]
[./app/javascript/packs/application.js] 749 bytes {application} [built]
[./node_modules/webpack/buildin/module.js] (webpack)/buildin/module.js 552 bytes {application} [built]
    + 3 hidden modules

Completed 200 OK in 3756ms (Views: 3750.5ms | ActiveRecord: 0.3ms | Allocations: 108377)


  [1m[35m (0.1ms)[0m  [1m[34mSELECT sqlite_version(*)[0m
Processing by ArticlesController#index as HTML
  Rendering articles/index.html.erb within layouts/application
  Rendered articles/index.html.erb within layouts/application (Duration: 0.0ms | Allocations: 4)
[Webpacker] Everything's up-to-date. Nothing to do
Completed 200 OK in 10ms (Views: 8.1ms | ActiveRecord: 0.2ms | Allocations: 9230)


Started GET "/" for ::1 at 2020-09-27 16:44:07 +0900
  [1m[35m (0.0ms)[0m  [1m[34mSELECT sqlite_version(*)[0m
Processing by ArticlesController#index as HTML
  Rendering articles/index.html.erb within layouts/application
  [1m[36mArticle Load (1.4ms)[0m  [1m[34mSELECT "articles".* FROM "articles" ORDER BY "articles"."created_at" DESC[0m
  ↳ app/views/articles/index.html.erb:3
  Rendered articles/index.html.erb within layouts/application (Duration: 2.5ms | Allocations: 818)
[Webpacker] Everything's up-to-date. Nothing to do
Completed 200 OK in 20ms (Views: 17.5ms | ActiveRecord: 1.4ms | Allocations: 9870)


  [1m[35m (1.7ms)[0m  [1m[34mSELECT sqlite_version(*)[0m
  [1m[35m (0.1ms)[0m  [1m[36mbegin transaction[0m
  [1m[36mArticle Create (2.1ms)[0m  [1m[32mINSERT INTO "articles" ("title", "body", "created_at", "updated_at") VALUES (?, ?, ?, ?)[0m  [["title", "test1"], ["body", "body1"], ["created_at", "2020-09-27 07:47:25.207931"], ["updated_at", "2020-09-27 07:47:25.207931"]]
  [1m[35m (1.4ms)[0m  [1m[36mcommit transaction[0m
  [1m[35m (0.1ms)[0m  [1m[36mbegin transaction[0m
  [1m[36mArticle Create (0.4ms)[0m  [1m[32mINSERT INTO "articles" ("title", "body", "created_at", "updated_at") VALUES (?, ?, ?, ?)[0m  [["title", "test2"], ["body", "body2"], ["created_at", "2020-09-27 07:47:39.913140"], ["updated_at", "2020-09-27 07:47:39.913140"]]
  [1m[35m (1.0ms)[0m  [1m[36mcommit transaction[0m
Started GET "/" for ::1 at 2020-09-27 16:47:49 +0900
Processing by ArticlesController#index as HTML
  Rendering articles/index.html.erb within layouts/application
  [1m[36mArticle Load (0.1ms)[0m  [1m[34mSELECT "articles".* FROM "articles" ORDER BY "articles"."created_at" DESC[0m
  ↳ app/views/articles/index.html.erb:3
  Rendered articles/index.html.erb within layouts/application (Duration: 5.5ms | Allocations: 3997)
[Webpacker] Everything's up-to-date. Nothing to do
Completed 200 OK in 34ms (Views: 33.2ms | ActiveRecord: 0.4ms | Allocations: 12143)


Started GET "/" for ::1 at 2020-09-27 16:50:17 +0900
Processing by ArticlesController#index as HTML
  Rendering articles/index.html.erb within layouts/application
  [1m[36mArticle Load (0.1ms)[0m  [1m[34mSELECT "articles".* FROM "articles" ORDER BY "articles"."created_at" DESC[0m
  ↳ app/views/articles/index.html.erb:3
  Rendered articles/index.html.erb within layouts/application (Duration: 1.4ms | Allocations: 841)
[Webpacker] Everything's up-to-date. Nothing to do
Completed 200 OK in 15ms (Views: 13.8ms | ActiveRecord: 0.1ms | Allocations: 9899)


Started GET "/" for ::1 at 2020-09-27 16:56:50 +0900
  [1m[35m (0.1ms)[0m  [1m[34mSELECT sqlite_version(*)[0m
Processing by ArticlesController#index as HTML
  Rendering articles/index.html.erb within layouts/application
  [1m[36mArticle Load (0.1ms)[0m  [1m[34mSELECT "articles".* FROM "articles" ORDER BY "articles"."created_at" DESC[0m
  ↳ app/views/articles/index.html.erb:3
  Rendered articles/index.html.erb within layouts/application (Duration: 1.3ms | Allocations: 857)
[Webpacker] Everything's up-to-date. Nothing to do
Completed 200 OK in 17ms (Views: 15.7ms | ActiveRecord: 0.1ms | Allocations: 9915)


Started GET "/" for ::1 at 2020-09-27 16:59:53 +0900
Processing by ArticlesController#index as HTML
  Rendering articles/index.html.erb within layouts/application
  [1m[36mArticle Load (0.1ms)[0m  [1m[34mSELECT "articles".* FROM "articles" ORDER BY "articles"."created_at" DESC[0m
  ↳ app/views/articles/index.html.erb:3
  Rendered articles/index.html.erb within layouts/application (Duration: 0.9ms | Allocations: 689)
[Webpacker] Everything's up-to-date. Nothing to do
Completed 200 OK in 413ms (Views: 411.9ms | ActiveRecord: 0.1ms | Allocations: 84120)


Started GET "/" for ::1 at 2020-09-27 17:04:39 +0900
Processing by ArticlesController#index as HTML
  Rendering articles/index.html.erb within layouts/application
  [1m[36mArticle Load (0.1ms)[0m  [1m[34mSELECT "articles".* FROM "articles" ORDER BY "articles"."created_at" DESC[0m
  ↳ app/views/articles/index.html.erb:3
  Rendered articles/index.html.erb within layouts/application (Duration: 1.9ms | Allocations: 840)
[Webpacker] Everything's up-to-date. Nothing to do
Completed 200 OK in 417ms (Views: 416.1ms | ActiveRecord: 0.1ms | Allocations: 92315)


Started GET "/" for ::1 at 2020-09-27 17:07:36 +0900
Processing by ArticlesController#index as HTML
  Rendering articles/index.html.erb within layouts/application
  [1m[36mArticle Load (0.1ms)[0m  [1m[34mSELECT "articles".* FROM "articles" ORDER BY "articles"."created_at" DESC[0m
  ↳ app/views/articles/index.html.erb:3
  Rendered articles/index.html.erb within layouts/application (Duration: 0.9ms | Allocations: 679)
[Webpacker] Everything's up-to-date. Nothing to do
Completed 200 OK in 434ms (Views: 433.3ms | ActiveRecord: 0.1ms | Allocations: 94439)


Started GET "/" for ::1 at 2020-09-27 17:08:51 +0900
Processing by ArticlesController#index as HTML
  Rendering articles/index.html.erb within layouts/application
  [1m[36mArticle Load (0.1ms)[0m  [1m[34mSELECT "articles".* FROM "articles" ORDER BY "articles"."created_at" DESC[0m
  ↳ app/views/articles/index.html.erb:3
  Rendered articles/index.html.erb within layouts/application (Duration: 1.5ms | Allocations: 840)
[Webpacker] Everything's up-to-date. Nothing to do
Completed 200 OK in 16ms (Views: 14.8ms | ActiveRecord: 0.1ms | Allocations: 10359)


Started GET "/" for ::1 at 2020-09-27 17:09:06 +0900
Processing by ArticlesController#index as HTML
  Rendering articles/index.html.erb within layouts/application
  [1m[36mArticle Load (0.1ms)[0m  [1m[34mSELECT "articles".* FROM "articles" ORDER BY "articles"."created_at" DESC[0m
  ↳ app/views/articles/index.html.erb:3
  Rendered articles/index.html.erb within layouts/application (Duration: 1.3ms | Allocations: 834)
[Webpacker] Everything's up-to-date. Nothing to do
Completed 200 OK in 12ms (Views: 11.4ms | ActiveRecord: 0.1ms | Allocations: 10341)


Started GET "/" for ::1 at 2020-09-27 17:09:38 +0900
Processing by ArticlesController#index as HTML
  Rendering articles/index.html.erb within layouts/application
  [1m[36mArticle Load (0.1ms)[0m  [1m[34mSELECT "articles".* FROM "articles" ORDER BY "articles"."created_at" DESC[0m
  ↳ app/views/articles/index.html.erb:3
  Rendered articles/index.html.erb within layouts/application (Duration: 0.9ms | Allocations: 679)
[Webpacker] Everything's up-to-date. Nothing to do
Completed 200 OK in 400ms (Views: 399.7ms | ActiveRecord: 0.1ms | Allocations: 97988)


Started GET "/" for ::1 at 2020-09-27 17:12:28 +0900
Processing by ArticlesController#index as HTML
  Rendering articles/index.html.erb within layouts/application
  [1m[36mArticle Load (0.1ms)[0m  [1m[34mSELECT "articles".* FROM "articles" ORDER BY "articles"."created_at" DESC[0m
  ↳ app/views/articles/index.html.erb:3
  Rendered articles/index.html.erb within layouts/application (Duration: 1.6ms | Allocations: 840)
[Webpacker] Everything's up-to-date. Nothing to do
Completed 200 OK in 418ms (Views: 417.4ms | ActiveRecord: 0.1ms | Allocations: 85630)


Started GET "/" for ::1 at 2020-09-27 17:19:37 +0900
  [1m[35m (0.1ms)[0m  [1m[34mSELECT sqlite_version(*)[0m
Processing by ArticlesController#index as HTML
  Rendering articles/index.html.erb within layouts/application
  [1m[36mArticle Load (0.1ms)[0m  [1m[34mSELECT "articles".* FROM "articles" ORDER BY "articles"."created_at" DESC[0m
  ↳ app/views/articles/index.html.erb:3
  Rendered articles/index.html.erb within layouts/application (Duration: 30.9ms | Allocations: 15154)
[Webpacker] Everything's up-to-date. Nothing to do
Completed 200 OK in 48ms (Views: 46.7ms | ActiveRecord: 0.1ms | Allocations: 24004)


Started GET "/" for ::1 at 2020-09-27 17:19:50 +0900
Processing by ArticlesController#index as HTML
  Rendering articles/index.html.erb within layouts/application
  [1m[36mArticle Load (0.1ms)[0m  [1m[34mSELECT "articles".* FROM "articles" ORDER BY "articles"."created_at" DESC[0m
  ↳ app/views/articles/index.html.erb:3
  Rendered articles/index.html.erb within layouts/application (Duration: 2.5ms | Allocations: 1657)
[Webpacker] Everything's up-to-date. Nothing to do
Completed 200 OK in 14ms (Views: 12.9ms | ActiveRecord: 0.1ms | Allocations: 10602)


Started GET "/" for ::1 at 2020-09-27 17:19:54 +0900
Processing by ArticlesController#index as HTML
  Rendering articles/index.html.erb within layouts/application
  [1m[36mArticle Load (0.1ms)[0m  [1m[34mSELECT "articles".* FROM "articles" ORDER BY "articles"."created_at" DESC[0m
  ↳ app/views/articles/index.html.erb:3
  Rendered articles/index.html.erb within layouts/application (Duration: 1.9ms | Allocations: 1484)
[Webpacker] Everything's up-to-date. Nothing to do
Completed 200 OK in 11ms (Views: 10.5ms | ActiveRecord: 0.1ms | Allocations: 9519)


Started GET "/" for ::1 at 2020-09-27 17:20:34 +0900
Processing by ArticlesController#index as HTML
  Rendering articles/index.html.erb within layouts/application
  Rendered articles/index.html.erb within layouts/application (Duration: 1.0ms | Allocations: 1077)
Completed 500 Internal Server Error in 4ms (ActiveRecord: 0.0ms | Allocations: 2383)


  
ActionView::SyntaxErrorInTemplate (Encountered a syntax error while rendering template: check <div class="container">
<h1 class="text-center">ブログ</h1>
<% @articles.each do |article| %>
  <div class="col-md-3 space-m">
    <%= image_tag "top-image1.jpg" size = 100px;%>
  <p class="title"><%= article.title %></p>
    <%= article.created_at %>
    </div>
    <% end %>
</div>

):
1:    <div class="container">
2:    <h1 class="text-center">ブログ</h1>
3:    <% @articles.each do |article| %>
4:      <div class="col-md-3 space-m">
5:        <%= image_tag "top-image1.jpg" size = 100px;%>
6:      <p class="title"><%= article.title %></p>
7:        <%= article.created_at %>
8:        </div>
9:        <% end %>
10:    </div>
  
app/views/articles/index.html.erb:5: syntax error, unexpected tIDENTIFIER, expecting ')'
app/views/articles/index.html.erb:5: syntax error, unexpected tIDENTIFIER, expecting ')'
app/views/articles/index.html.erb:5: syntax error, unexpected tIDENTIFIER, expecting ')'
app/views/articles/index.html.erb:5: syntax error, unexpected tIDENTIFIER, expecting ')'
app/views/articles/index.html.erb:5: syntax error, unexpected tIDENTIFIER, expecting ')'
app/views/articles/index.html.erb:5: syntax error, unexpected tIDENTIFIER, expecting ')'
app/views/articles/index.html.erb:5: syntax error, unexpected tIDENTIFIER, expecting ')'
app/views/articles/index.html.erb:5: syntax error, unexpected tIDENTIFIER, expecting ')'
app/views/articles/index.html.erb:5: syntax error, unexpected tIDENTIFIER, expecting ')'
app/views/articles/index.html.erb:5: syntax error, unexpected tIDENTIFIER, expecting ')'
app/views/articles/index.html.erb:5: syntax error, unexpected tIDENTIFIER, expecting ')'
app/views/articles/index.html.erb:5: syntax error, unexpected tIDENTIFIER, expecting ')'
Started GET "/" for ::1 at 2020-09-27 17:22:11 +0900
Processing by ArticlesController#index as HTML
  Rendering articles/index.html.erb within layouts/application
  Rendered articles/index.html.erb within layouts/application (Duration: 0.6ms | Allocations: 1077)
Completed 500 Internal Server Error in 3ms (ActiveRecord: 0.0ms | Allocations: 2385)


  
ActionView::SyntaxErrorInTemplate (Encountered a syntax error while rendering template: check <div class="container">
<h1 class="text-center">ブログ</h1>
<% @articles.each do |article| %>
  <div class="col-md-3 space-m">
    <%= image_tag "top-image1.jpg" class: 'img-responsive' %>
  <p class="title"><%= article.title %></p>
    <%= article.created_at %>
    </div>
    <% end %>
</div>

):
1:    <div class="container">
2:    <h1 class="text-center">ブログ</h1>
3:    <% @articles.each do |article| %>
4:      <div class="col-md-3 space-m">
5:        <%= image_tag "top-image1.jpg" class: 'img-responsive' %>
6:      <p class="title"><%= article.title %></p>
7:        <%= article.created_at %>
8:        </div>
9:        <% end %>
10:    </div>
  
app/views/articles/index.html.erb:5: syntax error, unexpected class, expecting ')'
app/views/articles/index.html.erb:5: syntax error, unexpected class, expecting ')'
app/views/articles/index.html.erb:5: syntax error, unexpected class, expecting ')'
app/views/articles/index.html.erb:5: syntax error, unexpected class, expecting ')'
app/views/articles/index.html.erb:5: syntax error, unexpected class, expecting ')'
app/views/articles/index.html.erb:5: syntax error, unexpected class, expecting ')'
Started GET "/" for ::1 at 2020-09-27 17:22:24 +0900
Processing by ArticlesController#index as HTML
  Rendering articles/index.html.erb within layouts/application
  [1m[36mArticle Load (0.1ms)[0m  [1m[34mSELECT "articles".* FROM "articles" ORDER BY "articles"."created_at" DESC[0m
  ↳ app/views/articles/index.html.erb:3
  Rendered articles/index.html.erb within layouts/application (Duration: 2.5ms | Allocations: 1680)
[Webpacker] Everything's up-to-date. Nothing to do
Completed 200 OK in 14ms (Views: 12.6ms | ActiveRecord: 0.1ms | Allocations: 10635)


Started GET "/" for ::1 at 2020-09-27 20:39:10 +0900
  [1m[35m (0.1ms)[0m  [1m[34mSELECT sqlite_version(*)[0m
Processing by ArticlesController#index as HTML
  Rendering articles/index.html.erb within layouts/application
  [1m[36mArticle Load (0.1ms)[0m  [1m[34mSELECT "articles".* FROM "articles" ORDER BY "articles"."created_at" DESC[0m
  ↳ app/views/articles/index.html.erb:3
  Rendered articles/index.html.erb within layouts/application (Duration: 4.3ms | Allocations: 1698)
[Webpacker] Everything's up-to-date. Nothing to do
Completed 200 OK in 425ms (Views: 423.1ms | ActiveRecord: 0.1ms | Allocations: 86941)


Started GET "/" for ::1 at 2020-09-27 20:41:05 +0900
Processing by ArticlesController#index as HTML
  Rendering articles/index.html.erb within layouts/application
  [1m[36mArticle Load (0.1ms)[0m  [1m[34mSELECT "articles".* FROM "articles" ORDER BY "articles"."created_at" DESC[0m
  ↳ app/views/articles/index.html.erb:3
  Rendered articles/index.html.erb within layouts/application (Duration: 2.3ms | Allocations: 1678)
[Webpacker] Everything's up-to-date. Nothing to do
Completed 200 OK in 12ms (Views: 11.4ms | ActiveRecord: 0.1ms | Allocations: 10629)


Started GET "/" for ::1 at 2020-09-27 20:41:35 +0900
Processing by ArticlesController#index as HTML
  Rendering articles/index.html.erb within layouts/application
  [1m[36mArticle Load (0.1ms)[0m  [1m[34mSELECT "articles".* FROM "articles" ORDER BY "articles"."created_at" DESC[0m
  ↳ app/views/articles/index.html.erb:3
  Rendered articles/index.html.erb within layouts/application (Duration: 2.4ms | Allocations: 1673)
[Webpacker] Everything's up-to-date. Nothing to do
Completed 200 OK in 13ms (Views: 12.3ms | ActiveRecord: 0.1ms | Allocations: 10613)


Started GET "/" for ::1 at 2020-09-27 20:45:28 +0900
Processing by ArticlesController#index as HTML
  Rendering articles/index.html.erb within layouts/application
  [1m[36mArticle Load (0.1ms)[0m  [1m[34mSELECT "articles".* FROM "articles" ORDER BY "articles"."created_at" DESC[0m
  ↳ app/views/articles/index.html.erb:3
  Rendered articles/index.html.erb within layouts/application (Duration: 2.3ms | Allocations: 1681)
[Webpacker] Everything's up-to-date. Nothing to do
Completed 200 OK in 13ms (Views: 12.3ms | ActiveRecord: 0.1ms | Allocations: 10625)


Started GET "/" for ::1 at 2020-09-27 20:48:01 +0900
Processing by ArticlesController#index as HTML
  Rendering articles/index.html.erb within layouts/application
  [1m[36mArticle Load (0.1ms)[0m  [1m[34mSELECT "articles".* FROM "articles" ORDER BY "articles"."created_at" DESC[0m
  ↳ app/views/articles/index.html.erb:3
  Rendered articles/index.html.erb within layouts/application (Duration: 2.5ms | Allocations: 1694)
[Webpacker] Everything's up-to-date. Nothing to do
Completed 200 OK in 24ms (Views: 22.6ms | ActiveRecord: 0.1ms | Allocations: 10638)


Started GET "/" for ::1 at 2020-09-27 20:49:10 +0900
Processing by ArticlesController#index as HTML
  Rendering articles/index.html.erb within layouts/application
  [1m[36mArticle Load (0.1ms)[0m  [1m[34mSELECT "articles".* FROM "articles" ORDER BY "articles"."created_at" DESC[0m
  ↳ app/views/articles/index.html.erb:3
  Rendered articles/index.html.erb within layouts/application (Duration: 1.9ms | Allocations: 1508)
[Webpacker] Everything's up-to-date. Nothing to do
Completed 200 OK in 424ms (Views: 423.2ms | ActiveRecord: 0.1ms | Allocations: 92856)


Started GET "/" for ::1 at 2020-09-27 20:51:02 +0900
Processing by ArticlesController#index as HTML
  Rendering articles/index.html.erb within layouts/application
  [1m[36mArticle Load (0.1ms)[0m  [1m[34mSELECT "articles".* FROM "articles" ORDER BY "articles"."created_at" DESC[0m
  ↳ app/views/articles/index.html.erb:3
  Rendered articles/index.html.erb within layouts/application (Duration: 2.5ms | Allocations: 1697)
[Webpacker] Everything's up-to-date. Nothing to do
Completed 200 OK in 400ms (Views: 398.7ms | ActiveRecord: 0.1ms | Allocations: 96772)


